npm warn Unknown project config "auto-install-peers". This will stop working in the next major version of npm.
npm warn Unknown project config "shamefully-hoist". This will stop working in the next major version of npm.
npm warn Unknown project config "enable-pre-post-scripts". This will stop working in the next major version of npm.

> dev
> shopify app dev

╭─ info ───────────────────────────────────────────────────────────────────────╮
│                                                                              │
│  Using shopify.app.toml for default values:                                  │
│                                                                              │
│    • Org:             Viklands                                               │
│    • App:             diamond-finder                                         │
│    • Dev store:       diamond-finder.myshopify.com                           │
│    • Update URLs:     Yes                                                    │
│                                                                              │
│   You can pass `--reset` to your command to reset your app configuration.    │
│                                                                              │
╰──────────────────────────────────────────────────────────────────────────────╯

▁▁▂▂▃▃▄▄▅▅▆▆▇▇██▇▇▆▆▅▅▄▄▃▃▂▂▁▁▁▁▂▂▃▃▄▄▅▅▆▆▇▇██▇▇▆▆▅▅▄▄▃▃▂▂▁▁▁▁▂▂▃▃▄▄▅▅▆▆▇▇██▇▇▆▆
▅▅▄▄▃▃▂▂▁▁
Configuring host theme for theme app extension ...
